Using pre-set license
Built from '2022.3/release' branch; Version is '2022.3.18f1 (d29bea25151d) revision 13802474'; Using compiler version '192829333'; Build Type 'Release'
OS: 'Windows 10  (10.0.19045) 64bit Core' Language: 'en' Physical Memory: 8084 MB
BatchMode: 1, IsHumanControllingUs: 0, StartBugReporterOnCrash: 0, Is64bit: 1, IsPro: 1

COMMAND LINE ARGUMENTS:
D:\Program Files (x86)\Unity\Unity 2022.3.18f1\Editor\Unity.exe
-adb2
-batchMode
-noUpm
-name
AssetImportWorker1
-projectPath
D:/Game project/CSCI356/CSCI 356 Game Project
-logFile
Logs/AssetImportWorker1.log
-srvPort
59774
Successfully changed project path to: D:/Game project/CSCI356/CSCI 356 Game Project
D:/Game project/CSCI356/CSCI 356 Game Project
[UnityMemory] Configuration Parameters - Can be set up in boot.config
    "memorysetup-bucket-allocator-granularity=16"
    "memorysetup-bucket-allocator-bucket-count=8"
    "memorysetup-bucket-allocator-block-size=33554432"
    "memorysetup-bucket-allocator-block-count=8"
    "memorysetup-main-allocator-block-size=16777216"
    "memorysetup-thread-allocator-block-size=16777216"
    "memorysetup-gfx-main-allocator-block-size=16777216"
    "memorysetup-gfx-thread-allocator-block-size=16777216"
    "memorysetup-cache-allocator-block-size=4194304"
    "memorysetup-typetree-allocator-block-size=2097152"
    "memorysetup-profiler-bucket-allocator-granularity=16"
    "memorysetup-profiler-bucket-allocator-bucket-count=8"
    "memorysetup-profiler-bucket-allocator-block-size=33554432"
    "memorysetup-profiler-bucket-allocator-block-count=8"
    "memorysetup-profiler-allocator-block-size=16777216"
    "memorysetup-profiler-editor-allocator-block-size=1048576"
    "memorysetup-temp-allocator-size-main=16777216"
    "memorysetup-job-temp-allocator-block-size=2097152"
    "memorysetup-job-temp-allocator-block-size-background=1048576"
    "memorysetup-job-temp-allocator-reduction-small-platforms=262144"
    "memorysetup-allocator-temp-initial-block-size-main=262144"
    "memorysetup-allocator-temp-initial-block-size-worker=262144"
    "memorysetup-temp-allocator-size-background-worker=32768"
    "memorysetup-temp-allocator-size-job-worker=262144"
    "memorysetup-temp-allocator-size-preload-manager=33554432"
    "memorysetup-temp-allocator-size-nav-mesh-worker=65536"
    "memorysetup-temp-allocator-size-audio-worker=65536"
    "memorysetup-temp-allocator-size-cloud-worker=32768"
    "memorysetup-temp-allocator-size-gi-baking-worker=262144"
    "memorysetup-temp-allocator-size-gfx=262144"
Player connection [788] Host "[IP] 192.168.56.1 [Port] 0 [Flags] 2 [Guid] 338567622 [EditorId] 338567622 [Version] 1048832 [Id] WindowsEditor(7,Isaac-ck1) [Debug] 1 [PackageName] WindowsEditor [ProjectName] Editor" joined multi-casting on [225.0.0.222:54997]...

Player connection [788] Host "[IP] 192.168.56.1 [Port] 0 [Flags] 2 [Guid] 338567622 [EditorId] 338567622 [Version] 1048832 [Id] WindowsEditor(7,Isaac-ck1) [Debug] 1 [PackageName] WindowsEditor [ProjectName] Editor" joined alternative multi-casting on [225.0.0.222:34997]...

[Physics::Module] Initialized MultithreadedJobDispatcher with 7 workers.
Refreshing native plugins compatible for Editor in 12.17 ms, found 3 plugins.
Preloading 0 native plugins for Editor in 0.00 ms.
Initialize engine version: 2022.3.18f1 (d29bea25151d)
[Subsystems] Discovering subsystems at path D:/Program Files (x86)/Unity/Unity 2022.3.18f1/Editor/Data/Resources/UnitySubsystems
[Subsystems] Discovering subsystems at path D:/Game project/CSCI356/CSCI 356 Game Project/Assets
GfxDevice: creating device client; threaded=0; jobified=0
Direct3D:
    Version:  Direct3D 11.0 [level 11.1]
    Renderer: NVIDIA GeForce GTX 1060 with Max-Q Design (ID=0x1c20)
    Vendor:   NVIDIA
    VRAM:     6052 MB
    Driver:   30.0.14.7212
Initialize mono
Mono path[0] = 'D:/Program Files (x86)/Unity/Unity 2022.3.18f1/Editor/Data/Managed'
Mono path[1] = 'D:/Program Files (x86)/Unity/Unity 2022.3.18f1/Editor/Data/MonoBleedingEdge/lib/mono/unityjit-win32'
Mono config path = 'D:/Program Files (x86)/Unity/Unity 2022.3.18f1/Editor/Data/MonoBleedingEdge/etc'
Using monoOptions --debugger-agent=transport=dt_socket,embedding=1,server=y,suspend=n,address=127.0.0.1:56004
Begin MonoManager ReloadAssembly
Registering precompiled unity dll's ...
Register platform support module: D:/Program Files (x86)/Unity/Unity 2022.3.18f1/Editor/Data/PlaybackEngines/AndroidPlayer/UnityEditor.Android.Extensions.dll
Register platform support module: D:/Program Files (x86)/Unity/Unity 2022.3.18f1/Editor/Data/PlaybackEngines/WindowsStandaloneSupport/UnityEditor.WindowsStandalone.Extensions.dll
Registered in 0.007381 seconds.
- Loaded All Assemblies, in  0.543 seconds
Native extension for WindowsStandalone target not found
Native extension for Android target not found
Mono: successfully reloaded assembly
- Finished resetting the current domain, in  0.476 seconds
Domain Reload Profiling: 1019ms
	BeginReloadAssembly (188ms)
		ExecutionOrderSort (0ms)
		DisableScriptedObjects (0ms)
		BackupInstance (0ms)
		ReleaseScriptingObjects (0ms)
		CreateAndSetChildDomain (1ms)
	RebuildCommonClasses (51ms)
	RebuildNativeTypeToScriptingClass (17ms)
	initialDomainReloadingComplete (79ms)
	LoadAllAssembliesAndSetupDomain (206ms)
		LoadAssemblies (187ms)
		RebuildTransferFunctionScriptingTraits (0ms)
		AnalyzeDomain (203ms)
			TypeCache.Refresh (201ms)
				TypeCache.ScanAssembly (182ms)
			ScanForSourceGeneratedMonoScriptInfo (1ms)
			ResolveRequiredComponents (1ms)
	FinalizeReload (477ms)
		ReleaseScriptCaches (0ms)
		RebuildScriptCaches (0ms)
		SetupLoadedEditorAssemblies (400ms)
			LogAssemblyErrors (0ms)
			InitializePlatformSupportModulesInManaged (114ms)
			SetLoadedEditorAssemblies (5ms)
			RefreshPlugins (0ms)
			BeforeProcessingInitializeOnLoad (3ms)
			ProcessInitializeOnLoadAttributes (203ms)
			ProcessInitializeOnLoadMethodAttributes (76ms)
			AfterProcessingInitializeOnLoad (0ms)
			EditorAssembliesLoaded (0ms)
		ExecutionOrderSort2 (0ms)
		AwakeInstancesAfterBackupRestoration (0ms)
========================================================================
Worker process is ready to serve import requests
Begin MonoManager ReloadAssembly
- Loaded All Assemblies, in  1.626 seconds
Refreshing native plugins compatible for Editor in 3.05 ms, found 3 plugins.
Native extension for WindowsStandalone target not found
Native extension for Android target not found
Package Manager log level set to [2]
[Package Manager] Server::EnsureServerProcessIsRunning -- launch failed, reason: Unity was launched with the -noUpm command-line argument
[Package Manager] UpmClient::Send -- Unable to send message (not connected to UPM process).
[Package Manager] Cannot connect to Unity Package Manager local server
Mono: successfully reloaded assembly
- Finished resetting the current domain, in  0.918 seconds
Domain Reload Profiling: 2543ms
	BeginReloadAssembly (226ms)
		ExecutionOrderSort (0ms)
		DisableScriptedObjects (8ms)
		BackupInstance (0ms)
		ReleaseScriptingObjects (0ms)
		CreateAndSetChildDomain (32ms)
	RebuildCommonClasses (53ms)
	RebuildNativeTypeToScriptingClass (19ms)
	initialDomainReloadingComplete (69ms)
	LoadAllAssembliesAndSetupDomain (1257ms)
		LoadAssemblies (1113ms)
		RebuildTransferFunctionScriptingTraits (0ms)
		AnalyzeDomain (279ms)
			TypeCache.Refresh (246ms)
				TypeCache.ScanAssembly (222ms)
			ScanForSourceGeneratedMonoScriptInfo (25ms)
			ResolveRequiredComponents (6ms)
	FinalizeReload (918ms)
		ReleaseScriptCaches (0ms)
		RebuildScriptCaches (0ms)
		SetupLoadedEditorAssemblies (667ms)
			LogAssemblyErrors (0ms)
			InitializePlatformSupportModulesInManaged (33ms)
			SetLoadedEditorAssemblies (7ms)
			RefreshPlugins (0ms)
			BeforeProcessingInitializeOnLoad (90ms)
			ProcessInitializeOnLoadAttributes (504ms)
			ProcessInitializeOnLoadMethodAttributes (29ms)
			AfterProcessingInitializeOnLoad (4ms)
			EditorAssembliesLoaded (0ms)
		ExecutionOrderSort2 (0ms)
		AwakeInstancesAfterBackupRestoration (10ms)
Launched and connected shader compiler UnityShaderCompiler.exe after 0.07 seconds
Refreshing native plugins compatible for Editor in 4.25 ms, found 3 plugins.
Preloading 0 native plugins for Editor in 0.00 ms.
Unloading 3093 Unused Serialized files (Serialized files now loaded: 0)
Unloading 32 unused Assets / (56.9 KB). Loaded Objects now: 3559.
Memory consumption went from 127.9 MB to 127.9 MB.
Total: 4.344000 ms (FindLiveObjects: 0.506100 ms CreateObjectMapping: 0.311700 ms MarkObjects: 3.341000 ms  DeleteObjects: 0.183900 ms)

AssetImportParameters requested are different than current active one (requested -> active):
  custom:container-demuxer-ogg: 62fdf1f143b41e24485cea50d1cbac27 -> 
  custom:video-codec-MediaFoundation-h265: 746d11721c4dcdbdad8f713fa42b33f4 -> 
  custom:video-decoder-ogg-theora: a1e56fd34408186e4bbccfd4996cb3dc -> 
  custom:framework-win-MediaFoundation: 216162199b28c13a410421893ffa2e32 -> 
  custom:CustomObjectIndexerAttribute: 6d391050e5a25f67b0a2c618074f2cd9 -> 
  custom:container-demuxer-webm: 4f35f7cbe854078d1ac9338744f61a02 -> 
  custom:container-muxer-webm: aa71ff27fc2769a1b78a27578f13a17b -> 
  custom:video-decoder-webm-vp8: 9c59270c3fd7afecdb556c50c9e8de78 -> 
  custom:SearchIndexIgnoredProperties: e643bd26f0fe6173181afceb89e7c659 -> 
  custom:AudioImporter_EditorPlatform: d09bf68614088b80899f8185d706f6e7 -> 
  custom:video-encoder-webm-vp8: eb34c28f22e8b96e1ab97ce403110664 -> 
  custom:audio-decoder-ogg-vorbis: bf7c407c2cedff20999df2af8eb42d56 -> 
  custom:audio-encoder-webm-vorbis: bf7c407c2cedff20999df2af8eb42d56 -> 
========================================================================
Received Import Request.
  Time since last request: 1479584.861777 seconds.
  path: Assets/DMStudios/Chests/Scenes/SampleScene/ReflectionProbe-0.exr
  artifactKey: Guid(ce2c4b3f6f186e647941706e63d76107) Importer(815301076,1909f56bfc062723c751e8b465ee728b)
Start importing Assets/DMStudios/Chests/Scenes/SampleScene/ReflectionProbe-0.exr using Guid(ce2c4b3f6f186e647941706e63d76107) Importer(815301076,1909f56bfc062723c751e8b465ee728b)  -> (artifact id: '818ead718ba3a6fa4bb99ad96affe7c6') in 0.197109 seconds
Number of updated asset objects reloaded before import = 0
Number of asset objects unloaded after import = 1
========================================================================
Received Import Request.
  Time since last request: 220.690554 seconds.
  path: Assets/DMStudios/Chests/Materials/Background.mat
  artifactKey: Guid(cbe05863ea03d8145bccb58e2e509bba) Importer(815301076,1909f56bfc062723c751e8b465ee728b)
Start importing Assets/DMStudios/Chests/Materials/Background.mat using Guid(cbe05863ea03d8145bccb58e2e509bba) Importer(815301076,1909f56bfc062723c751e8b465ee728b)  -> (artifact id: 'b7b509309f89b725833754ef3c77bbac') in 0.076343 seconds
Number of updated asset objects reloaded before import = 0
Number of asset objects unloaded after import = 1
========================================================================
Received Import Request.
  Time since last request: 0.000023 seconds.
  path: Assets/DMStudios/Chests/Materials/Chest_2.mat
  artifactKey: Guid(a6d6dbb2c3e06dd4b9bc34f50f3cd3da) Importer(815301076,1909f56bfc062723c751e8b465ee728b)
Start importing Assets/DMStudios/Chests/Materials/Chest_2.mat using Guid(a6d6dbb2c3e06dd4b9bc34f50f3cd3da) Importer(815301076,1909f56bfc062723c751e8b465ee728b)  -> (artifact id: 'bfa117a2d7036e9e7eef690ab83ce9fe') in 0.145396 seconds
Number of updated asset objects reloaded before import = 0
Number of asset objects unloaded after import = 3
========================================================================
Received Import Request.
  Time since last request: 0.000035 seconds.
  path: Assets/DMStudios/Chests/Materials/Chest_2_Simple.mat
  artifactKey: Guid(169c14e0613ba0d45b5e3414718a4677) Importer(815301076,1909f56bfc062723c751e8b465ee728b)
Start importing Assets/DMStudios/Chests/Materials/Chest_2_Simple.mat using Guid(169c14e0613ba0d45b5e3414718a4677) Importer(815301076,1909f56bfc062723c751e8b465ee728b)  -> (artifact id: '5e60747be881417d7a181b33fa13a9ef') in 0.103279 seconds
Number of updated asset objects reloaded before import = 0
Number of asset objects unloaded after import = 2
========================================================================
Received Import Request.
  Time since last request: 0.000051 seconds.
  path: Assets/DMStudios/Chests/Materials/Chest_3_Simple.mat
  artifactKey: Guid(711ba60611342224aa0bf66f088b65d7) Importer(815301076,1909f56bfc062723c751e8b465ee728b)
Start importing Assets/DMStudios/Chests/Materials/Chest_3_Simple.mat using Guid(711ba60611342224aa0bf66f088b65d7) Importer(815301076,1909f56bfc062723c751e8b465ee728b)  -> (artifact id: '1d5bf67c4e675184ff71876d14c3fe6b') in 0.050244 seconds
Number of updated asset objects reloaded before import = 0
Number of asset objects unloaded after import = 2
========================================================================
Received Import Request.
  Time since last request: 0.000019 seconds.
  path: Assets/DMStudios/Chests/Materials/Chest_3.mat
  artifactKey: Guid(b0adc597c8f308949a207fef5443b03e) Importer(815301076,1909f56bfc062723c751e8b465ee728b)
Start importing Assets/DMStudios/Chests/Materials/Chest_3.mat using Guid(b0adc597c8f308949a207fef5443b03e) Importer(815301076,1909f56bfc062723c751e8b465ee728b)  -> (artifact id: '6c719914f219345ff8f43daa35213f17') in 0.052053 seconds
Number of updated asset objects reloaded before import = 0
Number of asset objects unloaded after import = 3
========================================================================
Received Import Request.
  Time since last request: 5.090182 seconds.
  path: Assets/DMStudios/Chests/Meshes/Chest_1.fbx
  artifactKey: Guid(fbf57860377d16a4d858133a04c2dce6) Importer(815301076,1909f56bfc062723c751e8b465ee728b)
Start importing Assets/DMStudios/Chests/Meshes/Chest_1.fbx using Guid(fbf57860377d16a4d858133a04c2dce6) Importer(815301076,1909f56bfc062723c751e8b465ee728b)  -> (artifact id: '9539b245934a75f06e6fbd5f7077ced0') in 0.229140 seconds
Number of updated asset objects reloaded before import = 0
Number of asset objects unloaded after import = 14
========================================================================
Received Import Request.
  Time since last request: 0.000068 seconds.
  path: Assets/DMStudios/Chests/Meshes/Chest_3.fbx
  artifactKey: Guid(3261910d12ca06a43ad13593ad807da0) Importer(815301076,1909f56bfc062723c751e8b465ee728b)
Start importing Assets/DMStudios/Chests/Meshes/Chest_3.fbx using Guid(3261910d12ca06a43ad13593ad807da0) Importer(815301076,1909f56bfc062723c751e8b465ee728b)  -> (artifact id: 'a41843a8f584ec752017e6c757c5d97b') in 0.100889 seconds
Number of updated asset objects reloaded before import = 0
Number of asset objects unloaded after import = 14
========================================================================
Received Import Request.
  Time since last request: 29.899199 seconds.
  path: Assets/DMStudios/Chests/Textures/chest_1_Metallic.tga
  artifactKey: Guid(509b9a3efc804a549a4088a6fb4dcd33) Importer(815301076,1909f56bfc062723c751e8b465ee728b)
Start importing Assets/DMStudios/Chests/Textures/chest_1_Metallic.tga using Guid(509b9a3efc804a549a4088a6fb4dcd33) Importer(815301076,1909f56bfc062723c751e8b465ee728b)  -> (artifact id: '4c3d3a0e5cc309e22a0399b6d7b752a1') in 0.134060 seconds
Number of updated asset objects reloaded before import = 0
Number of asset objects unloaded after import = 2
========================================================================
Received Import Request.
  Time since last request: 0.000032 seconds.
  path: Assets/DMStudios/Chests/Textures/chest_2_Metallic.tga
  artifactKey: Guid(fa695af91cf0ffe498a145daf26414df) Importer(815301076,1909f56bfc062723c751e8b465ee728b)
Start importing Assets/DMStudios/Chests/Textures/chest_2_Metallic.tga using Guid(fa695af91cf0ffe498a145daf26414df) Importer(815301076,1909f56bfc062723c751e8b465ee728b)  -> (artifact id: '5eb08a71b2a82d6355fabf52a91a319d') in 0.064609 seconds
Number of updated asset objects reloaded before import = 0
Number of asset objects unloaded after import = 2
========================================================================
Received Import Request.
  Time since last request: 0.000051 seconds.
  path: Assets/DMStudios/Chests/Textures/chest_3_Metallic.tga
  artifactKey: Guid(8509078610d9cf043a9cdbfb1d27daad) Importer(815301076,1909f56bfc062723c751e8b465ee728b)
Start importing Assets/DMStudios/Chests/Textures/chest_3_Metallic.tga using Guid(8509078610d9cf043a9cdbfb1d27daad) Importer(815301076,1909f56bfc062723c751e8b465ee728b)  -> (artifact id: '44a5a4ab97b2f45cefc0325e53a4a103') in 0.043838 seconds
Number of updated asset objects reloaded before import = 0
Number of asset objects unloaded after import = 2
========================================================================
Received Import Request.
  Time since last request: 0.000020 seconds.
  path: Assets/DMStudios/Chests/Textures/treasure.png
  artifactKey: Guid(5ddbfa1a1e3e15845a22c141dfac8f9b) Importer(815301076,1909f56bfc062723c751e8b465ee728b)
Start importing Assets/DMStudios/Chests/Textures/treasure.png using Guid(5ddbfa1a1e3e15845a22c141dfac8f9b) Importer(815301076,1909f56bfc062723c751e8b465ee728b)  -> (artifact id: '142c5d9e0543ac1aff9fb5c69786b231') in 0.055789 seconds
Number of updated asset objects reloaded before import = 0
Number of asset objects unloaded after import = 2
========================================================================
Received Import Request.
  Time since last request: 343.540694 seconds.
  path: Assets/Prefabs/Hexagon Terrain/OBJ format/building-archery.obj
  artifactKey: Guid(5494d2ae7beab0d4dbe843898a0ad062) Importer(815301076,1909f56bfc062723c751e8b465ee728b)
Start importing Assets/Prefabs/Hexagon Terrain/OBJ format/building-archery.obj using Guid(5494d2ae7beab0d4dbe843898a0ad062) Importer(815301076,1909f56bfc062723c751e8b465ee728b)  -> (artifact id: 'e6ea23a2b696e236544e79a1248229a3') in 0.080499 seconds
Number of updated asset objects reloaded before import = 0
Number of asset objects unloaded after import = 11
========================================================================
Received Import Request.
  Time since last request: 0.000033 seconds.
  path: Assets/Prefabs/Hexagon Terrain/OBJ format/building-cabin.obj
  artifactKey: Guid(5ca71ca654c0fc94498c96b9b9c1c79f) Importer(815301076,1909f56bfc062723c751e8b465ee728b)
Start importing Assets/Prefabs/Hexagon Terrain/OBJ format/building-cabin.obj using Guid(5ca71ca654c0fc94498c96b9b9c1c79f) Importer(815301076,1909f56bfc062723c751e8b465ee728b)  -> (artifact id: 'ff0d4fbb001b49e7ee982cde12568460') in 0.052700 seconds
Number of updated asset objects reloaded before import = 0
Number of asset objects unloaded after import = 11
========================================================================
Received Import Request.
  Time since last request: 0.000031 seconds.
  path: Assets/Prefabs/Hexagon Terrain/OBJ format/building-dock.obj
  artifactKey: Guid(db2bee12a361deb47ab3c3d85c7b897a) Importer(815301076,1909f56bfc062723c751e8b465ee728b)
Start importing Assets/Prefabs/Hexagon Terrain/OBJ format/building-dock.obj using Guid(db2bee12a361deb47ab3c3d85c7b897a) Importer(815301076,1909f56bfc062723c751e8b465ee728b)  -> (artifact id: '3dd76830fc3508218aa43b04957ae2f8') in 0.041300 seconds
Number of updated asset objects reloaded before import = 0
Number of asset objects unloaded after import = 11
========================================================================
Received Import Request.
  Time since last request: 13.332151 seconds.
  path: Assets/Prefabs/Hexagon Terrain/OBJ format/building-market.obj
  artifactKey: Guid(48c15ab3946e89a4ba8ad526baaf97cd) Importer(815301076,1909f56bfc062723c751e8b465ee728b)
Start importing Assets/Prefabs/Hexagon Terrain/OBJ format/building-market.obj using Guid(48c15ab3946e89a4ba8ad526baaf97cd) Importer(815301076,1909f56bfc062723c751e8b465ee728b)  -> (artifact id: '6c4bd5d6e35806abf2c785e1df9043b8') in 0.044841 seconds
Number of updated asset objects reloaded before import = 0
Number of asset objects unloaded after import = 11
========================================================================
Received Import Request.
  Time since last request: 78.356448 seconds.
  path: Assets/Prefabs/Hexagon Terrain/Previews/building-archery.png
  artifactKey: Guid(14bcef3a1be95b749a3d7e9564a5a7bd) Importer(815301076,1909f56bfc062723c751e8b465ee728b)
Start importing Assets/Prefabs/Hexagon Terrain/Previews/building-archery.png using Guid(14bcef3a1be95b749a3d7e9564a5a7bd) Importer(815301076,1909f56bfc062723c751e8b465ee728b)  -> (artifact id: '72b08a6d533b121d07a214762d8b6dd7') in 0.033142 seconds
Number of updated asset objects reloaded before import = 0
Number of asset objects unloaded after import = 2
========================================================================
Received Import Request.
  Time since last request: 0.000109 seconds.
  path: Assets/Prefabs/Hexagon Terrain/Previews/building-mill.png
  artifactKey: Guid(4e43ab173c22a7b43929e643f6b82df7) Importer(815301076,1909f56bfc062723c751e8b465ee728b)
Start importing Assets/Prefabs/Hexagon Terrain/Previews/building-mill.png using Guid(4e43ab173c22a7b43929e643f6b82df7) Importer(815301076,1909f56bfc062723c751e8b465ee728b)  -> (artifact id: '1f93aaf62947b7acb0e1b8c76f387453') in 0.043652 seconds
Number of updated asset objects reloaded before import = 0
Number of asset objects unloaded after import = 2
========================================================================
Received Import Request.
  Time since last request: 0.000033 seconds.
  path: Assets/Prefabs/Hexagon Terrain/Previews/building-mine.png
  artifactKey: Guid(3221180b807837449b6a44d11f6f07d9) Importer(815301076,1909f56bfc062723c751e8b465ee728b)
Start importing Assets/Prefabs/Hexagon Terrain/Previews/building-mine.png using Guid(3221180b807837449b6a44d11f6f07d9) Importer(815301076,1909f56bfc062723c751e8b465ee728b)  -> (artifact id: '4adecb4f46eb8ded9f6d37c5aca1b501') in 0.034307 seconds
Number of updated asset objects reloaded before import = 0
Number of asset objects unloaded after import = 2
========================================================================
Received Import Request.
  Time since last request: 0.000036 seconds.
  path: Assets/Prefabs/Hexagon Terrain/Previews/building-castle.png
  artifactKey: Guid(0a5e5f8fd83f29246bbcea2e72269a62) Importer(815301076,1909f56bfc062723c751e8b465ee728b)
Start importing Assets/Prefabs/Hexagon Terrain/Previews/building-castle.png using Guid(0a5e5f8fd83f29246bbcea2e72269a62) Importer(815301076,1909f56bfc062723c751e8b465ee728b)  -> (artifact id: '754e038541774f42b157a4b4d21d5637') in 0.040698 seconds
Number of updated asset objects reloaded before import = 0
Number of asset objects unloaded after import = 2
========================================================================
Received Import Request.
  Time since last request: 3.970161 seconds.
  path: Assets/Prefabs/Hexagon Terrain/Textures/variation-b.png
  artifactKey: Guid(7fedaec402bd07a4aa6d174acd03347f) Importer(815301076,1909f56bfc062723c751e8b465ee728b)
Start importing Assets/Prefabs/Hexagon Terrain/Textures/variation-b.png using Guid(7fedaec402bd07a4aa6d174acd03347f) Importer(815301076,1909f56bfc062723c751e8b465ee728b)  -> (artifact id: 'd60f938db99d34ab8c058afd33465bc1') in 0.223235 seconds
Number of updated asset objects reloaded before import = 0
Number of asset objects unloaded after import = 2
========================================================================
Received Import Request.
  Time since last request: 15.588556 seconds.
  path: Assets/Prefabs/Hexagon Terrain/OBJ format/building-mine.obj
  artifactKey: Guid(a11eead591f30134281e1c60c224d236) Importer(815301076,1909f56bfc062723c751e8b465ee728b)
Start importing Assets/Prefabs/Hexagon Terrain/OBJ format/building-mine.obj using Guid(a11eead591f30134281e1c60c224d236) Importer(815301076,1909f56bfc062723c751e8b465ee728b)  -> (artifact id: 'ad7d68886409cdc101a65fdf5fa5490b') in 0.165691 seconds
Number of updated asset objects reloaded before import = 0
Number of asset objects unloaded after import = 11
========================================================================
Received Import Request.
  Time since last request: 1.573836 seconds.
  path: Assets/Prefabs/Hexagon Terrain/OBJ format/building-sheep.obj
  artifactKey: Guid(414ccb1b2568f6843adc019ab4c33f4b) Importer(815301076,1909f56bfc062723c751e8b465ee728b)
Start importing Assets/Prefabs/Hexagon Terrain/OBJ format/building-sheep.obj using Guid(414ccb1b2568f6843adc019ab4c33f4b) Importer(815301076,1909f56bfc062723c751e8b465ee728b)  -> (artifact id: 'e8c7f90a661d53d5aa4d345bc45e7cc5') in 0.078703 seconds
Number of updated asset objects reloaded before import = 0
Number of asset objects unloaded after import = 11
========================================================================
Received Import Request.
  Time since last request: 0.000043 seconds.
  path: Assets/Prefabs/Hexagon Terrain/OBJ format/building-smelter.obj
  artifactKey: Guid(9900fea5ce0477f4abab5a25fd8e29f2) Importer(815301076,1909f56bfc062723c751e8b465ee728b)
Start importing Assets/Prefabs/Hexagon Terrain/OBJ format/building-smelter.obj using Guid(9900fea5ce0477f4abab5a25fd8e29f2) Importer(815301076,1909f56bfc062723c751e8b465ee728b)  -> (artifact id: 'c4359b5f0be49cf85a9eb92a96367577') in 0.073238 seconds
Number of updated asset objects reloaded before import = 0
Number of asset objects unloaded after import = 11
========================================================================
Received Import Request.
  Time since last request: 0.794697 seconds.
  path: Assets/Prefabs/Hexagon Terrain/OBJ format/building-walls.obj
  artifactKey: Guid(2ae477031211fae4aa52226569f81537) Importer(815301076,1909f56bfc062723c751e8b465ee728b)
Start importing Assets/Prefabs/Hexagon Terrain/OBJ format/building-walls.obj using Guid(2ae477031211fae4aa52226569f81537) Importer(815301076,1909f56bfc062723c751e8b465ee728b)  -> (artifact id: '1435ce832374906d22aa8f06825c96c7') in 0.068557 seconds
Number of updated asset objects reloaded before import = 0
Number of asset objects unloaded after import = 11
========================================================================
Received Import Request.
  Time since last request: 0.000056 seconds.
  path: Assets/Prefabs/Hexagon Terrain/OBJ format/building-wizard-tower.obj
  artifactKey: Guid(110e28fb0470cb340b15ae0c09009b7a) Importer(815301076,1909f56bfc062723c751e8b465ee728b)
Start importing Assets/Prefabs/Hexagon Terrain/OBJ format/building-wizard-tower.obj using Guid(110e28fb0470cb340b15ae0c09009b7a) Importer(815301076,1909f56bfc062723c751e8b465ee728b)  -> (artifact id: '7593ccb211196e6ac1c0291da389d87b') in 0.051674 seconds
Number of updated asset objects reloaded before import = 0
Number of asset objects unloaded after import = 11
========================================================================
Received Import Request.
  Time since last request: 0.000125 seconds.
  path: Assets/Prefabs/Hexagon Terrain/OBJ format/dirt.obj
  artifactKey: Guid(3c04a1f73f2fea645afa1fd0940efda2) Importer(815301076,1909f56bfc062723c751e8b465ee728b)
Start importing Assets/Prefabs/Hexagon Terrain/OBJ format/dirt.obj using Guid(3c04a1f73f2fea645afa1fd0940efda2) Importer(815301076,1909f56bfc062723c751e8b465ee728b)  -> (artifact id: 'b954b8e9f2113b2d6f06ec3cab2eba61') in 0.060420 seconds
Number of updated asset objects reloaded before import = 0
Number of asset objects unloaded after import = 11
========================================================================
Received Import Request.
  Time since last request: 0.222731 seconds.
  path: Assets/Prefabs/Hexagon Terrain/OBJ format/grass-forest.obj
  artifactKey: Guid(f97e53e946ee93449a66545581695b6e) Importer(815301076,1909f56bfc062723c751e8b465ee728b)
Start importing Assets/Prefabs/Hexagon Terrain/OBJ format/grass-forest.obj using Guid(f97e53e946ee93449a66545581695b6e) Importer(815301076,1909f56bfc062723c751e8b465ee728b)  -> (artifact id: '9724e2031318056c48d82c5320b2f4c9') in 0.058654 seconds
Number of updated asset objects reloaded before import = 0
Number of asset objects unloaded after import = 11
========================================================================
Received Import Request.
  Time since last request: 0.000022 seconds.
  path: Assets/Prefabs/Hexagon Terrain/OBJ format/path-corner.obj
  artifactKey: Guid(6078d135712bc514abdb08188dd1ca4c) Importer(815301076,1909f56bfc062723c751e8b465ee728b)
Start importing Assets/Prefabs/Hexagon Terrain/OBJ format/path-corner.obj using Guid(6078d135712bc514abdb08188dd1ca4c) Importer(815301076,1909f56bfc062723c751e8b465ee728b)  -> (artifact id: 'bd0b9d9851bdd6277180fa63eeaaa979') in 0.073087 seconds
Number of updated asset objects reloaded before import = 0
Number of asset objects unloaded after import = 11
========================================================================
Received Import Request.
  Time since last request: 0.000023 seconds.
  path: Assets/Prefabs/Hexagon Terrain/OBJ format/path-corner-sharp.obj
  artifactKey: Guid(78aab41920e79c14aa638f9d1ef79ba1) Importer(815301076,1909f56bfc062723c751e8b465ee728b)
Start importing Assets/Prefabs/Hexagon Terrain/OBJ format/path-corner-sharp.obj using Guid(78aab41920e79c14aa638f9d1ef79ba1) Importer(815301076,1909f56bfc062723c751e8b465ee728b)  -> (artifact id: 'a725398768136655e5e000236a97a12f') in 0.054917 seconds
Number of updated asset objects reloaded before import = 0
Number of asset objects unloaded after import = 11
========================================================================
Received Import Request.
  Time since last request: 0.132344 seconds.
  path: Assets/Prefabs/Hexagon Terrain/OBJ format/path-intersectionB.obj
  artifactKey: Guid(e47416efc7a73f941b4a587113c8df00) Importer(815301076,1909f56bfc062723c751e8b465ee728b)
Start importing Assets/Prefabs/Hexagon Terrain/OBJ format/path-intersectionB.obj using Guid(e47416efc7a73f941b4a587113c8df00) Importer(815301076,1909f56bfc062723c751e8b465ee728b)  -> (artifact id: '4df7f6e1133cab41d04184f9b1f6962b') in 0.059209 seconds
Number of updated asset objects reloaded before import = 0
Number of asset objects unloaded after import = 11
========================================================================
Received Import Request.
  Time since last request: 0.000028 seconds.
  path: Assets/Prefabs/Hexagon Terrain/OBJ format/path-intersectionF.obj
  artifactKey: Guid(e3740b50ca05dd549b6e75bcfc6784a0) Importer(815301076,1909f56bfc062723c751e8b465ee728b)
Start importing Assets/Prefabs/Hexagon Terrain/OBJ format/path-intersectionF.obj using Guid(e3740b50ca05dd549b6e75bcfc6784a0) Importer(815301076,1909f56bfc062723c751e8b465ee728b)  -> (artifact id: 'dc4cea39e82c27740d6b88303c3a06c8') in 0.063791 seconds
Number of updated asset objects reloaded before import = 0
Number of asset objects unloaded after import = 11
========================================================================
Received Import Request.
  Time since last request: 0.000069 seconds.
  path: Assets/Prefabs/Hexagon Terrain/OBJ format/path-intersectionH.obj
  artifactKey: Guid(6549664a754ac6542980d09b5d57ceba) Importer(815301076,1909f56bfc062723c751e8b465ee728b)
Start importing Assets/Prefabs/Hexagon Terrain/OBJ format/path-intersectionH.obj using Guid(6549664a754ac6542980d09b5d57ceba) Importer(815301076,1909f56bfc062723c751e8b465ee728b)  -> (artifact id: '82be2d3cbba3483001d276d6f15c71ec') in 0.039745 seconds
Number of updated asset objects reloaded before import = 0
Number of asset objects unloaded after import = 11
========================================================================
Received Import Request.
  Time since last request: 0.000042 seconds.
  path: Assets/Prefabs/Hexagon Terrain/OBJ format/path-intersectionC.obj
  artifactKey: Guid(82e749dc5116b644c911f2fb72be1cda) Importer(815301076,1909f56bfc062723c751e8b465ee728b)
Start importing Assets/Prefabs/Hexagon Terrain/OBJ format/path-intersectionC.obj using Guid(82e749dc5116b644c911f2fb72be1cda) Importer(815301076,1909f56bfc062723c751e8b465ee728b)  -> (artifact id: '4497f0bf47b8333c52b6405fb6a2ac33') in 0.045721 seconds
Number of updated asset objects reloaded before import = 0
Number of asset objects unloaded after import = 11
========================================================================
Received Import Request.
  Time since last request: 0.000023 seconds.
  path: Assets/Prefabs/Hexagon Terrain/OBJ format/path-intersectionE.obj
  artifactKey: Guid(c020c629514c179488392e9f4ff22211) Importer(815301076,1909f56bfc062723c751e8b465ee728b)
Start importing Assets/Prefabs/Hexagon Terrain/OBJ format/path-intersectionE.obj using Guid(c020c629514c179488392e9f4ff22211) Importer(815301076,1909f56bfc062723c751e8b465ee728b)  -> (artifact id: 'f05193e6f8acb8de4a23dc6344c7a332') in 0.040281 seconds
Number of updated asset objects reloaded before import = 0
Number of asset objects unloaded after import = 11
========================================================================
Received Import Request.
  Time since last request: 0.014878 seconds.
  path: Assets/Prefabs/Hexagon Terrain/OBJ format/path-square-end.obj
  artifactKey: Guid(5dd043eac05216343a06fa63e5d817bd) Importer(815301076,1909f56bfc062723c751e8b465ee728b)
Start importing Assets/Prefabs/Hexagon Terrain/OBJ format/path-square-end.obj using Guid(5dd043eac05216343a06fa63e5d817bd) Importer(815301076,1909f56bfc062723c751e8b465ee728b)  -> (artifact id: 'e64db7d5c22a11eb36f8695850dabf47') in 0.069225 seconds
Number of updated asset objects reloaded before import = 0
Number of asset objects unloaded after import = 11
========================================================================
Received Import Request.
  Time since last request: 0.000043 seconds.
  path: Assets/Prefabs/Hexagon Terrain/OBJ format/path-straight.obj
  artifactKey: Guid(a285ce900dbd92a448c652c95583b6a5) Importer(815301076,1909f56bfc062723c751e8b465ee728b)
Start importing Assets/Prefabs/Hexagon Terrain/OBJ format/path-straight.obj using Guid(a285ce900dbd92a448c652c95583b6a5) Importer(815301076,1909f56bfc062723c751e8b465ee728b)  -> (artifact id: 'b3acdcec56236d3185afbd56b608e58d') in 0.061300 seconds
Number of updated asset objects reloaded before import = 0
Number of asset objects unloaded after import = 11
========================================================================
Received Import Request.
  Time since last request: 0.000018 seconds.
  path: Assets/Prefabs/Hexagon Terrain/OBJ format/river-corner.obj
  artifactKey: Guid(ce29ce1cc7e56f54c9bf6dcc073c7a94) Importer(815301076,1909f56bfc062723c751e8b465ee728b)
Start importing Assets/Prefabs/Hexagon Terrain/OBJ format/river-corner.obj using Guid(ce29ce1cc7e56f54c9bf6dcc073c7a94) Importer(815301076,1909f56bfc062723c751e8b465ee728b)  -> (artifact id: '7952a51e23b302533fbed64847bb315c') in 0.042323 seconds
Number of updated asset objects reloaded before import = 0
Number of asset objects unloaded after import = 11
========================================================================
Received Import Request.
  Time since last request: 1.269777 seconds.
  path: Assets/Prefabs/Hexagon Terrain/OBJ format/river-intersectionA.obj
  artifactKey: Guid(4fd31298e71913a41a663791eb67c5b7) Importer(815301076,1909f56bfc062723c751e8b465ee728b)
Start importing Assets/Prefabs/Hexagon Terrain/OBJ format/river-intersectionA.obj using Guid(4fd31298e71913a41a663791eb67c5b7) Importer(815301076,1909f56bfc062723c751e8b465ee728b)  -> (artifact id: 'd6a29bd6d1fabccc6528d5e9c2e5fe3c') in 0.073956 seconds
Number of updated asset objects reloaded before import = 0
Number of asset objects unloaded after import = 11
========================================================================
Received Import Request.
  Time since last request: 0.000054 seconds.
  path: Assets/Prefabs/Hexagon Terrain/OBJ format/river-intersectionD.obj
  artifactKey: Guid(0e38f43c5bb92604dbcfcfd310493a2c) Importer(815301076,1909f56bfc062723c751e8b465ee728b)
Start importing Assets/Prefabs/Hexagon Terrain/OBJ format/river-intersectionD.obj using Guid(0e38f43c5bb92604dbcfcfd310493a2c) Importer(815301076,1909f56bfc062723c751e8b465ee728b)  -> (artifact id: '0cf36f1e04d46086ba2e85f4a0ab834a') in 0.072711 seconds
Number of updated asset objects reloaded before import = 0
Number of asset objects unloaded after import = 11
========================================================================
Received Import Request.
  Time since last request: 0.000039 seconds.
  path: Assets/Prefabs/Hexagon Terrain/OBJ format/river-intersectionC.obj
  artifactKey: Guid(acbe1a634231b1844a5a9409bc68e272) Importer(815301076,1909f56bfc062723c751e8b465ee728b)
Start importing Assets/Prefabs/Hexagon Terrain/OBJ format/river-intersectionC.obj using Guid(acbe1a634231b1844a5a9409bc68e272) Importer(815301076,1909f56bfc062723c751e8b465ee728b)  -> (artifact id: '1d4ae8565efcbadc1fe4b508969a936a') in 0.044559 seconds
Number of updated asset objects reloaded before import = 0
Number of asset objects unloaded after import = 11
========================================================================
Received Import Request.
  Time since last request: 0.000035 seconds.
  path: Assets/Prefabs/Hexagon Terrain/OBJ format/river-intersectionE.obj
  artifactKey: Guid(b840d5160d474714084d82607675021b) Importer(815301076,1909f56bfc062723c751e8b465ee728b)
Start importing Assets/Prefabs/Hexagon Terrain/OBJ format/river-intersectionE.obj using Guid(b840d5160d474714084d82607675021b) Importer(815301076,1909f56bfc062723c751e8b465ee728b)  -> (artifact id: 'bf3912c6c6e68f7f845783bce2dfbd65') in 0.043844 seconds
Number of updated asset objects reloaded before import = 0
Number of asset objects unloaded after import = 11
========================================================================
Received Import Request.
  Time since last request: 0.165873 seconds.
  path: Assets/Prefabs/Hexagon Terrain/OBJ format/river-intersectionG.obj
  artifactKey: Guid(049a8bfd07cfe08429a72163c3c15db0) Importer(815301076,1909f56bfc062723c751e8b465ee728b)
Start importing Assets/Prefabs/Hexagon Terrain/OBJ format/river-intersectionG.obj using Guid(049a8bfd07cfe08429a72163c3c15db0) Importer(815301076,1909f56bfc062723c751e8b465ee728b)  -> (artifact id: '4f2aabd0f8a51726dab403c2ebc3252a') in 0.066252 seconds
Number of updated asset objects reloaded before import = 0
Number of asset objects unloaded after import = 11
========================================================================
Received Import Request.
  Time since last request: 0.020467 seconds.
  path: Assets/Prefabs/Hexagon Terrain/OBJ format/river-start.obj
  artifactKey: Guid(3c7d02341e584a7408acd5527bf3fd51) Importer(815301076,1909f56bfc062723c751e8b465ee728b)
Start importing Assets/Prefabs/Hexagon Terrain/OBJ format/river-start.obj using Guid(3c7d02341e584a7408acd5527bf3fd51) Importer(815301076,1909f56bfc062723c751e8b465ee728b)  -> (artifact id: 'db772a5ac03881897f2978de550c74b1') in 0.050557 seconds
Number of updated asset objects reloaded before import = 0
Number of asset objects unloaded after import = 11
========================================================================
Received Import Request.
  Time since last request: 0.000025 seconds.
  path: Assets/Prefabs/Hexagon Terrain/OBJ format/river-straight.obj
  artifactKey: Guid(65e13b31df1c0534f82636c2d48676cd) Importer(815301076,1909f56bfc062723c751e8b465ee728b)
Start importing Assets/Prefabs/Hexagon Terrain/OBJ format/river-straight.obj using Guid(65e13b31df1c0534f82636c2d48676cd) Importer(815301076,1909f56bfc062723c751e8b465ee728b)  -> (artifact id: '7d4d205d2a0faac76e8ba62e1e4c9409') in 0.048865 seconds
Number of updated asset objects reloaded before import = 0
Number of asset objects unloaded after import = 11
========================================================================
Received Import Request.
  Time since last request: 0.488998 seconds.
  path: Assets/Prefabs/Hexagon Terrain/OBJ format/stone.obj
  artifactKey: Guid(1471894d9a09c6f4ca51ed4e421ce653) Importer(815301076,1909f56bfc062723c751e8b465ee728b)
Start importing Assets/Prefabs/Hexagon Terrain/OBJ format/stone.obj using Guid(1471894d9a09c6f4ca51ed4e421ce653) Importer(815301076,1909f56bfc062723c751e8b465ee728b)  -> (artifact id: '0a330e7b0a5b0c88fbad6056bfec4850') in 0.099404 seconds
Number of updated asset objects reloaded before import = 0
Number of asset objects unloaded after import = 11
========================================================================
Received Import Request.
  Time since last request: 0.000030 seconds.
  path: Assets/Prefabs/Hexagon Terrain/OBJ format/unit-mansion.obj
  artifactKey: Guid(d07431ab9a346134bb49717dac09f578) Importer(815301076,1909f56bfc062723c751e8b465ee728b)
Start importing Assets/Prefabs/Hexagon Terrain/OBJ format/unit-mansion.obj using Guid(d07431ab9a346134bb49717dac09f578) Importer(815301076,1909f56bfc062723c751e8b465ee728b)  -> (artifact id: '98384b113ba9a6a97eb4afc47c1d30ae') in 0.047944 seconds
Number of updated asset objects reloaded before import = 0
Number of asset objects unloaded after import = 11
========================================================================
Received Import Request.
  Time since last request: 0.000027 seconds.
  path: Assets/Prefabs/Hexagon Terrain/OBJ format/stone-mountain.obj
  artifactKey: Guid(baf93be777ff75642bc0975fd4307cd2) Importer(815301076,1909f56bfc062723c751e8b465ee728b)
Start importing Assets/Prefabs/Hexagon Terrain/OBJ format/stone-mountain.obj using Guid(baf93be777ff75642bc0975fd4307cd2) Importer(815301076,1909f56bfc062723c751e8b465ee728b)  -> (artifact id: '933ef5f177d9ea0c21ef96877fce0963') in 0.047596 seconds
Number of updated asset objects reloaded before import = 0
Number of asset objects unloaded after import = 11
========================================================================
Received Import Request.
  Time since last request: 0.000038 seconds.
  path: Assets/Prefabs/Hexagon Terrain/OBJ format/stone-rocks.obj
  artifactKey: Guid(2c0cd30281a4af44fb25b8ebe1a2ab7b) Importer(815301076,1909f56bfc062723c751e8b465ee728b)
Start importing Assets/Prefabs/Hexagon Terrain/OBJ format/stone-rocks.obj using Guid(2c0cd30281a4af44fb25b8ebe1a2ab7b) Importer(815301076,1909f56bfc062723c751e8b465ee728b)  -> (artifact id: 'fdb88afa01846bd382c1221f0aa7105f') in 0.061791 seconds
Number of updated asset objects reloaded before import = 0
Number of asset objects unloaded after import = 11
========================================================================
Received Import Request.
  Time since last request: 0.239081 seconds.
  path: Assets/Prefabs/Hexagon Terrain/OBJ format/unit-ship.obj
  artifactKey: Guid(f376746a78bc89446a488646eed7f096) Importer(815301076,1909f56bfc062723c751e8b465ee728b)
Start importing Assets/Prefabs/Hexagon Terrain/OBJ format/unit-ship.obj using Guid(f376746a78bc89446a488646eed7f096) Importer(815301076,1909f56bfc062723c751e8b465ee728b)  -> (artifact id: '5935960c61e3029eceec0ddec98b5c30') in 0.048467 seconds
Number of updated asset objects reloaded before import = 0
Number of asset objects unloaded after import = 11
========================================================================
Received Import Request.
  Time since last request: 0.000034 seconds.
  path: Assets/Prefabs/Hexagon Terrain/OBJ format/water-island.obj
  artifactKey: Guid(89f278144e1004b4bbf157e1ee7ff63f) Importer(815301076,1909f56bfc062723c751e8b465ee728b)
Start importing Assets/Prefabs/Hexagon Terrain/OBJ format/water-island.obj using Guid(89f278144e1004b4bbf157e1ee7ff63f) Importer(815301076,1909f56bfc062723c751e8b465ee728b)  -> (artifact id: '747d147b2c3f542a7f94dd7116cbaab7') in 0.047813 seconds
Number of updated asset objects reloaded before import = 0
Number of asset objects unloaded after import = 11
========================================================================
Received Import Request.
  Time since last request: 0.000025 seconds.
  path: Assets/Prefabs/Hexagon Terrain/OBJ format/water.obj
  artifactKey: Guid(27fc86e5a8ba96441adf41a35e36149d) Importer(815301076,1909f56bfc062723c751e8b465ee728b)
Start importing Assets/Prefabs/Hexagon Terrain/OBJ format/water.obj using Guid(27fc86e5a8ba96441adf41a35e36149d) Importer(815301076,1909f56bfc062723c751e8b465ee728b)  -> (artifact id: '6a96665791f1972c8bf01bf7a431b88a') in 0.047835 seconds
Number of updated asset objects reloaded before import = 0
Number of asset objects unloaded after import = 11
========================================================================
Received Import Request.
  Time since last request: 0.000032 seconds.
  path: Assets/Prefabs/Hexagon Terrain/OBJ format/unit-ship-large.obj
  artifactKey: Guid(e67bfe8206cd2404f80ee47145413799) Importer(815301076,1909f56bfc062723c751e8b465ee728b)
Start importing Assets/Prefabs/Hexagon Terrain/OBJ format/unit-ship-large.obj using Guid(e67bfe8206cd2404f80ee47145413799) Importer(815301076,1909f56bfc062723c751e8b465ee728b)  -> (artifact id: '369c4b2d8dc95212496216aa20dee773') in 0.042460 seconds
Number of updated asset objects reloaded before import = 0
Number of asset objects unloaded after import = 11
========================================================================
Received Prepare
Trying to reload asset but can't find object on disk
Trying to reload asset but can't find object on disk
Trying to reload asset but can't find object on disk
Trying to reload asset but can't find object on disk
Trying to reload asset but can't find object on disk
Trying to reload asset but can't find object on disk
Trying to reload asset but can't find object on disk
Trying to reload asset but can't find object on disk
Trying to reload asset but can't find object on disk
Trying to reload asset but can't find object on disk
Trying to reload asset but can't find object on disk
Trying to reload asset but can't find object on disk
Trying to reload asset but can't find object on disk
Trying to reload asset but can't find object on disk
Trying to reload asset but can't find object on disk
Trying to reload asset but can't find object on disk
Trying to reload asset but can't find object on disk
Trying to reload asset but can't find object on disk
Begin MonoManager ReloadAssembly
- Loaded All Assemblies, in  0.468 seconds
Refreshing native plugins compatible for Editor in 2.39 ms, found 0 plugins.
Native extension for WindowsStandalone target not found
Native extension for Android target not found
Mono: successfully reloaded assembly
- Finished resetting the current domain, in  0.558 seconds
Domain Reload Profiling: 1029ms
	BeginReloadAssembly (317ms)
		ExecutionOrderSort (0ms)
		DisableScriptedObjects (7ms)
		BackupInstance (0ms)
		ReleaseScriptingObjects (1ms)
		CreateAndSetChildDomain (98ms)
	RebuildCommonClasses (45ms)
	RebuildNativeTypeToScriptingClass (26ms)
	initialDomainReloadingComplete (51ms)
	LoadAllAssembliesAndSetupDomain (30ms)
		LoadAssemblies (179ms)
		RebuildTransferFunctionScriptingTraits (0ms)
		AnalyzeDomain (21ms)
			TypeCache.Refresh (18ms)
				TypeCache.ScanAssembly (0ms)
			ScanForSourceGeneratedMonoScriptInfo (1ms)
			ResolveRequiredComponents (1ms)
	FinalizeReload (559ms)
		ReleaseScriptCaches (0ms)
		RebuildScriptCaches (0ms)
		SetupLoadedEditorAssemblies (353ms)
			LogAssemblyErrors (0ms)
			InitializePlatformSupportModulesInManaged (34ms)
			SetLoadedEditorAssemblies (8ms)
			RefreshPlugins (0ms)
			BeforeProcessingInitializeOnLoad (73ms)
			ProcessInitializeOnLoadAttributes (209ms)
			ProcessInitializeOnLoadMethodAttributes (26ms)
			AfterProcessingInitializeOnLoad (4ms)
			EditorAssembliesLoaded (0ms)
		ExecutionOrderSort2 (0ms)
		AwakeInstancesAfterBackupRestoration (12ms)
Refreshing native plugins compatible for Editor in 3.40 ms, found 0 plugins.
Preloading 0 native plugins for Editor in 0.00 ms.
Unloading 0 Unused Serialized files (Serialized files now loaded: 0)
Unloading 1246 unused Assets / (0.9 MB). Loaded Objects now: 2361.
Memory consumption went from 74.4 MB to 73.5 MB.
Total: 38.236500 ms (FindLiveObjects: 0.679000 ms CreateObjectMapping: 0.492500 ms MarkObjects: 26.283700 ms  DeleteObjects: 10.779000 ms)

Prepare: number of updated asset objects reloaded= 2
AssetImportParameters requested are different than current active one (requested -> active):
  custom:container-demuxer-ogg: 62fdf1f143b41e24485cea50d1cbac27 -> 
  custom:video-codec-MediaFoundation-h265: 746d11721c4dcdbdad8f713fa42b33f4 -> 
  custom:video-decoder-ogg-theora: a1e56fd34408186e4bbccfd4996cb3dc -> 
  custom:framework-win-MediaFoundation: 216162199b28c13a410421893ffa2e32 -> 
  custom:CustomObjectIndexerAttribute: 6d391050e5a25f67b0a2c618074f2cd9 -> 
  custom:container-demuxer-webm: 4f35f7cbe854078d1ac9338744f61a02 -> 
  custom:container-muxer-webm: aa71ff27fc2769a1b78a27578f13a17b -> 
  custom:video-decoder-webm-vp8: 9c59270c3fd7afecdb556c50c9e8de78 -> 
  custom:SearchIndexIgnoredProperties: e643bd26f0fe6173181afceb89e7c659 -> 
  custom:AudioImporter_EditorPlatform: d09bf68614088b80899f8185d706f6e7 -> 
  custom:video-encoder-webm-vp8: eb34c28f22e8b96e1ab97ce403110664 -> 
  custom:audio-decoder-ogg-vorbis: bf7c407c2cedff20999df2af8eb42d56 -> 
  custom:audio-encoder-webm-vorbis: bf7c407c2cedff20999df2af8eb42d56 -> 
